[2026-06-08T23:38:07.686Z] GET file:///Users/heilashahidi/Gauntlet/athena-software-factory/Software-Factory-Architecture.html → 200 (4ms, 55797B)
[2026-06-08T23:38:07.696Z] GET https://cdn.jsdelivr.net/npm/marked/marked.min.js → pending (?ms, ?B)
[2026-06-08T23:38:07.807Z] GET https://cdn.jsdelivr.net/npm/mermaid@11/dist/mermaid.esm.min.mjs → 200 (49ms, 11527B)
[2026-06-08T23:38:07.857Z] GET https://cdn.jsdelivr.net/npm/mermaid@11/dist/chunks/mermaid.esm.min/chunk-LRIF4GLE.mjs → 200 (67ms, 905B)
[2026-06-08T23:38:07.857Z] GET https://cdn.jsdelivr.net/npm/mermaid@11/dist/chunks/mermaid.esm.min/chunk-7FYTHRHK.mjs → 200 (91ms, 15548B)
[2026-06-08T23:38:07.857Z] GET https://cdn.jsdelivr.net/npm/mermaid@11/dist/chunks/mermaid.esm.min/chunk-VU6ZFW4Y.mjs → 200 (78ms, 1734B)
[2026-06-08T23:38:07.857Z] GET https://cdn.jsdelivr.net/npm/mermaid@11/dist/chunks/mermaid.esm.min/chunk-7J6CGLKN.mjs → 200 (93ms, 8224B)
[2026-06-08T23:38:07.857Z] GET https://cdn.jsdelivr.net/npm/mermaid@11/dist/chunks/mermaid.esm.min/chunk-KGFNY3KK.mjs → 200 (96ms, 25502B)
[2026-06-08T23:38:07.857Z] GET https://cdn.jsdelivr.net/npm/mermaid@11/dist/chunks/mermaid.esm.min/chunk-5IMINLNL.mjs → 200 (95ms, 10467B)
[2026-06-08T23:38:07.858Z] GET https://cdn.jsdelivr.net/npm/mermaid@11/dist/chunks/mermaid.esm.min/chunk-T2UQINTJ.mjs → 200 (81ms, 1585B)
[2026-06-08T23:38:07.858Z] GET https://cdn.jsdelivr.net/npm/mermaid@11/dist/chunks/mermaid.esm.min/chunk-5VCL7Z4A.mjs → 200 (82ms, 1519B)
[2026-06-08T23:38:07.858Z] GET https://cdn.jsdelivr.net/npm/mermaid@11/dist/chunks/mermaid.esm.min/chunk-UY5QBCOK.mjs → 200 (90ms, 1210B)
[2026-06-08T23:38:07.858Z] GET https://cdn.jsdelivr.net/npm/mermaid@11/dist/chunks/mermaid.esm.min/chunk-INKRHTLW.mjs → 200 (153ms, 18913B)
[2026-06-08T23:38:07.858Z] GET https://cdn.jsdelivr.net/npm/mermaid@11/dist/chunks/mermaid.esm.min/chunk-QA3QBVWF.mjs → 200 (153ms, 7881B)
[2026-06-08T23:38:07.858Z] GET https://cdn.jsdelivr.net/npm/mermaid@11/dist/chunks/mermaid.esm.min/chunk-KNLZD3CH.mjs → 200 (153ms, 1602B)
[2026-06-08T23:38:07.858Z] GET https://cdn.jsdelivr.net/npm/mermaid@11/dist/chunks/mermaid.esm.min/chunk-67TQ5CYL.mjs → 200 (155ms, 33308B)
[2026-06-08T23:38:07.858Z] GET https://cdn.jsdelivr.net/npm/mermaid@11/dist/chunks/mermaid.esm.min/chunk-7W6UQGC5.mjs → 200 (165ms, 40328B)
[2026-06-08T23:38:07.858Z] GET https://cdn.jsdelivr.net/npm/mermaid@11/dist/chunks/mermaid.esm.min/chunk-AQ6EADP3.mjs → 200 (163ms, 1063B)
[2026-06-08T23:38:08.068Z] GET https://cdn.jsdelivr.net/npm/mermaid@11/dist/chunks/mermaid.esm.min/flowDiagram-H6V6AXG4.mjs → 200 (28ms, 20196B)
[2026-06-08T23:38:08.097Z] GET https://cdn.jsdelivr.net/npm/mermaid@11/dist/chunks/mermaid.esm.min/chunk-AZZRMDJM.mjs → 200 (20ms, 907B)
[2026-06-08T23:38:08.097Z] GET https://cdn.jsdelivr.net/npm/mermaid@11/dist/chunks/mermaid.esm.min/chunk-LII3EMHJ.mjs → 200 (22ms, 1571B)
[2026-06-08T23:38:08.097Z] GET https://cdn.jsdelivr.net/npm/mermaid@11/dist/chunks/mermaid.esm.min/chunk-6764PJDD.mjs → 200 (21ms, 889B)
[2026-06-08T23:38:08.097Z] GET https://cdn.jsdelivr.net/npm/mermaid@11/dist/chunks/mermaid.esm.min/chunk-ZXARS5L4.mjs → 200 (22ms, 1037B)
[2026-06-08T23:38:08.129Z] GET https://cdn.jsdelivr.net/npm/mermaid@11/dist/chunks/mermaid.esm.min/dagre-ND4H6XIP.mjs → 200 (26ms, 4964B)
[2026-06-08T23:38:08.156Z] GET https://cdn.jsdelivr.net/npm/mermaid@11/dist/chunks/mermaid.esm.min/chunk-KRXBNO2N.mjs → 200 (60ms, 11431B)
[2026-06-08T23:38:08.156Z] GET https://cdn.jsdelivr.net/npm/mermaid@11/dist/chunks/mermaid.esm.min/chunk-W44A43WB.mjs → 200 (60ms, 16771B)
[2026-06-08T23:38:08.350Z] GET https://cdn.jsdelivr.net/npm/mermaid@11/dist/chunks/mermaid.esm.min/sequenceDiagram-VS2MUI6T.mjs → 200 (33ms, 31473B)
[2026-06-08T23:38:08.383Z] GET https://cdn.jsdelivr.net/npm/mermaid@11/dist/chunks/mermaid.esm.min/chunk-T5OCTHI4.mjs → 200 (21ms, 834B)
[2026-06-08T23:39:38.002Z] GET file:///Users/heilashahidi/Gauntlet/athena-software-factory/Software-Factory-Architecture.html → 200 (?ms, 55797B)
[2026-06-08T23:39:38.005Z] GET https://cdn.jsdelivr.net/npm/marked/marked.min.js → 200 (2ms, -1044B)
[2026-06-08T23:39:38.010Z] GET https://cdn.jsdelivr.net/npm/mermaid@11/dist/mermaid.esm.min.mjs → 200 (1ms, -1082B)
[2026-06-08T23:39:38.012Z] GET https://cdn.jsdelivr.net/npm/mermaid@11/dist/chunks/mermaid.esm.min/chunk-LRIF4GLE.mjs → 200 (1ms, -1087B)
[2026-06-08T23:39:38.012Z] GET https://cdn.jsdelivr.net/npm/mermaid@11/dist/chunks/mermaid.esm.min/chunk-7FYTHRHK.mjs → 200 (1ms, -1087B)
[2026-06-08T23:39:38.012Z] GET https://cdn.jsdelivr.net/npm/mermaid@11/dist/chunks/mermaid.esm.min/chunk-VU6ZFW4Y.mjs → 200 (2ms, -1083B)
[2026-06-08T23:39:38.012Z] GET https://cdn.jsdelivr.net/npm/mermaid@11/dist/chunks/mermaid.esm.min/chunk-7J6CGLKN.mjs → 200 (3ms, -1086B)
[2026-06-08T23:39:38.012Z] GET https://cdn.jsdelivr.net/npm/mermaid@11/dist/chunks/mermaid.esm.min/chunk-KGFNY3KK.mjs → 200 (7ms, -1079B)
[2026-06-08T23:39:38.012Z] GET https://cdn.jsdelivr.net/npm/mermaid@11/dist/chunks/mermaid.esm.min/chunk-5IMINLNL.mjs → 200 (4ms, -1084B)
[2026-06-08T23:39:38.012Z] GET https://cdn.jsdelivr.net/npm/mermaid@11/dist/chunks/mermaid.esm.min/chunk-T2UQINTJ.mjs → 200 (4ms, -1083B)
[2026-06-08T23:39:38.012Z] GET https://cdn.jsdelivr.net/npm/mermaid@11/dist/chunks/mermaid.esm.min/chunk-5VCL7Z4A.mjs → 200 (5ms, -1084B)
[2026-06-08T23:39:38.012Z] GET https://cdn.jsdelivr.net/npm/mermaid@11/dist/chunks/mermaid.esm.min/chunk-UY5QBCOK.mjs → 200 (4ms, -1088B)
[2026-06-08T23:39:38.012Z] GET https://cdn.jsdelivr.net/npm/mermaid@11/dist/chunks/mermaid.esm.min/chunk-INKRHTLW.mjs → 200 (7ms, -1089B)
[2026-06-08T23:39:38.012Z] GET https://cdn.jsdelivr.net/npm/mermaid@11/dist/chunks/mermaid.esm.min/chunk-QA3QBVWF.mjs → 200 (5ms, -1090B)
[2026-06-08T23:39:38.013Z] GET https://cdn.jsdelivr.net/npm/mermaid@11/dist/chunks/mermaid.esm.min/chunk-KNLZD3CH.mjs → 200 (4ms, -1082B)
[2026-06-08T23:39:38.013Z] GET https://cdn.jsdelivr.net/npm/mermaid@11/dist/chunks/mermaid.esm.min/chunk-67TQ5CYL.mjs → 200 (6ms, -1086B)
[2026-06-08T23:39:38.013Z] GET https://cdn.jsdelivr.net/npm/mermaid@11/dist/chunks/mermaid.esm.min/chunk-7W6UQGC5.mjs → 200 (7ms, -1088B)
[2026-06-08T23:39:38.013Z] GET https://cdn.jsdelivr.net/npm/mermaid@11/dist/chunks/mermaid.esm.min/chunk-AQ6EADP3.mjs → 200 (4ms, -1088B)
[2026-06-08T23:39:38.037Z] GET https://cdn.jsdelivr.net/npm/mermaid@11/dist/chunks/mermaid.esm.min/flowDiagram-H6V6AXG4.mjs → 200 (9ms, -1087B)
[2026-06-08T23:39:38.047Z] GET https://cdn.jsdelivr.net/npm/mermaid@11/dist/chunks/mermaid.esm.min/chunk-AZZRMDJM.mjs → 200 (1ms, -1080B)
[2026-06-08T23:39:38.047Z] GET https://cdn.jsdelivr.net/npm/mermaid@11/dist/chunks/mermaid.esm.min/chunk-LII3EMHJ.mjs → 200 (1ms, -1073B)
[2026-06-08T23:39:38.047Z] GET https://cdn.jsdelivr.net/npm/mermaid@11/dist/chunks/mermaid.esm.min/chunk-6764PJDD.mjs → 200 (1ms, -1085B)
[2026-06-08T23:39:38.047Z] GET https://cdn.jsdelivr.net/npm/mermaid@11/dist/chunks/mermaid.esm.min/chunk-ZXARS5L4.mjs → 200 (1ms, -1077B)
[2026-06-08T23:39:38.053Z] GET https://cdn.jsdelivr.net/npm/mermaid@11/dist/chunks/mermaid.esm.min/dagre-ND4H6XIP.mjs → 200 (1ms, -1084B)
[2026-06-08T23:39:38.054Z] GET https://cdn.jsdelivr.net/npm/mermaid@11/dist/chunks/mermaid.esm.min/chunk-KRXBNO2N.mjs → 200 (1ms, -1095B)
[2026-06-08T23:39:38.054Z] GET https://cdn.jsdelivr.net/npm/mermaid@11/dist/chunks/mermaid.esm.min/chunk-W44A43WB.mjs → 200 (1ms, -1093B)
[2026-06-08T23:39:38.167Z] GET https://cdn.jsdelivr.net/npm/mermaid@11/dist/chunks/mermaid.esm.min/sequenceDiagram-VS2MUI6T.mjs → 200 (7ms, -1086B)
[2026-06-08T23:39:38.174Z] GET https://cdn.jsdelivr.net/npm/mermaid@11/dist/chunks/mermaid.esm.min/chunk-T5OCTHI4.mjs → 200 (?ms, -1089B)
